04192023 02:39:06 PM: INFO: **********Test_01_login*********
04192023 02:39:06 PM: INFO: *********verifying_homepage_title*******
04192023 02:39:07 PM: INFO: *** home page title is passed ****
04192023 02:39:11 PM: INFO: *********verifying_login_title*******
04192023 02:40:51 PM: INFO: **********Test_01_login*********
04192023 02:40:51 PM: INFO: *********verifying_homepage_title*******
04192023 02:40:53 PM: INFO: *** home page title is passed ****
04192023 02:40:56 PM: INFO: *********verifying_login_title*******
04192023 02:40:57 PM: INFO: *** login page title is passed ****
04192023 03:08:26 PM: INFO: **********Test_01_login*********
04192023 03:08:26 PM: INFO: *********verifying_homepage_title*******
04192023 03:08:27 PM: INFO: *** home page title is passed ****
04192023 03:08:30 PM: INFO: *********verifying_login_title*******
04192023 03:08:30 PM: INFO: *** login page title is passed ****
04192023 03:09:31 PM: INFO: **********Test_01_login*********
04192023 03:09:31 PM: INFO: *********verifying_homepage_title*******
04192023 03:09:32 PM: INFO: *** home page title is passed ****
04192023 03:09:41 PM: INFO: *********verifying_login_title*******
04192023 03:09:42 PM: INFO: *** login page title is passed ****
04192023 03:10:14 PM: INFO: **********Test_01_login*********
04192023 03:10:14 PM: INFO: *********verifying_homepage_title*******
04192023 03:12:00 PM: INFO: **********Test_01_login*********
04192023 03:12:00 PM: INFO: *********verifying_homepage_title*******
04192023 03:13:12 PM: INFO: **********Test_01_login*********
04192023 03:13:12 PM: INFO: *********verifying_homepage_title*******
04192023 03:13:13 PM: INFO: *** home page title is passed ****
04192023 03:13:18 PM: INFO: *********verifying_login_title*******
04192023 03:13:20 PM: INFO: *** login page title is passed ****
04192023 03:39:34 PM: INFO: *********verifying_login_title*******
04192023 03:39:36 PM: INFO: *** login page title is passed ****
04192023 03:39:37 PM: INFO: **********Test_01_login*********
04192023 03:39:37 PM: INFO: *********verifying_homepage_title*******
04192023 03:39:38 PM: INFO: *** home page title is passed ****
04202023 03:31:55 PM: INFO: *********verifying_Dropdown_title*******
04202023 03:31:55 PM: INFO: *********verifying_login_title*******
04202023 03:31:58 PM: INFO: *** Dropdown page title is passed ****
04202023 03:31:59 PM: INFO: *** login page title is passed ****
04202023 03:32:12 PM: INFO: *********verifying_Alerts_title*******
04202023 03:32:13 PM: INFO: *** Alerts page title is passed ****
04202023 03:33:31 PM: INFO: **********Test_01_login*********
04202023 03:33:31 PM: INFO: *********verifying_homepage_title*******
04202023 03:33:32 PM: INFO: *** home page title is passed ****
04202023 03:33:35 PM: INFO: *********verifying_login_title*******
04202023 03:33:36 PM: INFO: *** login page title is passed ****
04202023 03:33:39 PM: INFO: *********verifying_register_title*******
04202023 03:33:39 PM: INFO: *** Register page title is passed ****
04202023 03:33:42 PM: INFO: *********verifying_Dropdown_title*******
04202023 03:33:43 PM: INFO: *** Dropdown page title is passed ****
04202023 03:33:46 PM: INFO: *********verifying_Alerts_title*******
04202023 03:33:46 PM: INFO: *** Alerts page title is passed ****
04202023 04:37:35 PM: INFO: **********Test_01_*********
04202023 04:37:35 PM: INFO: *********verifying_System_testcase*******
04202023 04:38:02 PM: INFO: **********Test_01_*********
04202023 04:38:02 PM: INFO: *********verifying_System_testcase*******
04202023 04:38:04 PM: INFO: *** Dashboard page title is passed ****
04202023 04:44:42 PM: INFO: *********verifying_register_title*******
04202023 04:44:42 PM: INFO: *********verifying_Dropdown_title*******
04202023 04:44:46 PM: INFO: *** Register page title is passed ****
04202023 04:44:47 PM: INFO: **********Test_01_login*********
04202023 04:44:47 PM: INFO: *********verifying_homepage_title*******
04202023 04:44:47 PM: INFO: *** Dropdown page title is passed ****
04202023 04:44:47 PM: INFO: *********verifying_login_title*******
04202023 04:44:48 PM: INFO: *********verifying_Alerts_title*******
04202023 04:44:49 PM: INFO: *** home page title is passed ****
04202023 04:44:49 PM: INFO: *** Alerts page title is passed ****
04202023 04:44:50 PM: INFO: *** login page title is passed ****
04202023 04:58:08 PM: INFO: **********Test_01_*********
04202023 04:58:08 PM: INFO: *********verifying_System_testcase*******
04202023 04:58:10 PM: INFO: **** dashboard page title is failed *****
04202023 05:16:57 PM: INFO: **********Test_01_*********
04202023 05:16:57 PM: INFO: *********verifying_System_testcase*******
04202023 05:16:59 PM: INFO: **** dashboard page title is failed *****
04202023 05:18:44 PM: INFO: *********verifying_register_title*******
04202023 05:18:44 PM: INFO: **********Test_01_login*********
04202023 05:18:44 PM: INFO: *********verifying_homepage_title*******
04202023 05:18:44 PM: INFO: *********verifying_login_title*******
04202023 05:18:47 PM: INFO: *** home page title is passed ****
04202023 05:18:47 PM: INFO: *********verifying_Alerts_title*******
04202023 05:18:47 PM: INFO: *********verifying_Dropdown_title*******
04202023 05:18:48 PM: INFO: *** Register page title is passed ****
04202023 05:18:48 PM: INFO: *** login page title is passed ****
04202023 05:18:49 PM: INFO: *** Dropdown page title is passed ****
04202023 05:18:50 PM: INFO: *** Alerts page title is passed ****
04212023 11:57:57 AM: INFO: 
********** Test_003 *********

04212023 11:57:57 AM: INFO: *********  verifying registration process  *******
04212023 11:59:22 AM: INFO: 
********** Test_003 *********

04212023 11:59:22 AM: INFO: *********  verifying registration process  *******
04212023 12:01:05 PM: INFO: 
********** Test_003 *********

04212023 12:01:05 PM: INFO: *********  verifying registration process  *******
04212023 12:03:05 PM: INFO: 
********** Test_003 *********

04212023 12:03:05 PM: INFO: *********  verifying registration process  *******
04212023 12:03:53 PM: INFO: 
********** Test_003 *********

04212023 12:03:53 PM: INFO: *********  verifying registration process  *******
04212023 12:03:54 PM: INFO: *** Register page  is passed ****
04212023 12:03:54 PM: INFO: 
********** Test_003_DDT_register ***********

04212023 12:03:54 PM: INFO: 
********** Test case Done ***********

04212023 12:03:55 PM: INFO: *** Register page  is passed ****
04212023 12:03:55 PM: INFO: 
********** Test_003_DDT_register ***********

04212023 12:03:55 PM: INFO: 
********** Test case Done ***********

04212023 12:03:56 PM: INFO: *** Register page  is passed ****
04212023 12:03:56 PM: INFO: 
********** Test_003_DDT_register ***********

04212023 12:03:56 PM: INFO: 
********** Test case Done ***********

04212023 12:03:57 PM: INFO: *** Register page  is passed ****
04212023 12:03:57 PM: INFO: 
********** Test_003_DDT_register ***********

04212023 12:03:57 PM: INFO: 
********** Test case Done ***********

04212023 12:03:58 PM: INFO: *** Register page  is passed ****
04212023 12:03:58 PM: INFO: 
********** Test_003_DDT_register ***********

04212023 12:03:58 PM: INFO: 
********** Test case Done ***********

04212023 12:03:59 PM: INFO: *** Register page  is passed ****
04212023 12:03:59 PM: INFO: 
********** Test_003_DDT_register ***********

04212023 12:03:59 PM: INFO: 
********** Test case Done ***********

04212023 12:03:59 PM: INFO: *** Register page  is passed ****
04212023 12:04:00 PM: INFO: 
********** Test_003_DDT_register ***********

04212023 12:04:00 PM: INFO: 
********** Test case Done ***********

04212023 12:04:00 PM: INFO: *** Register page  is passed ****
04212023 12:04:00 PM: INFO: 
********** Test_003_DDT_register ***********

04212023 12:04:00 PM: INFO: 
********** Test case Done ***********

04212023 12:04:01 PM: INFO: *** Register page  is passed ****
04212023 12:04:01 PM: INFO: 
********** Test_003_DDT_register ***********

04212023 12:04:01 PM: INFO: 
********** Test case Done ***********

04212023 12:04:02 PM: INFO: *** Register page  is passed ****
04212023 12:04:02 PM: INFO: 
********** Test_003_DDT_register ***********

04212023 12:04:02 PM: INFO: 
********** Test case Done ***********

04212023 12:04:03 PM: INFO: *** Register page  is passed ****
04212023 12:04:03 PM: INFO: 
********** Test_003_DDT_register ***********

04212023 12:04:03 PM: INFO: 
********** Test case Done ***********

04212023 12:04:59 PM: INFO: 
********** Test_003 *********

04212023 12:04:59 PM: INFO: *********  verifying registration process  *******
04212023 12:05:00 PM: ERROR: ***** Fail *****
04212023 12:05:00 PM: INFO: 
********** Test_003_DDT_register ***********

04212023 12:05:00 PM: INFO: 
********** Test case Done ***********

04212023 12:05:01 PM: ERROR: ***** Fail *****
04212023 12:05:01 PM: INFO: 
********** Test_003_DDT_register ***********

04212023 12:05:01 PM: INFO: 
********** Test case Done ***********

04212023 12:05:01 PM: ERROR: ***** Fail *****
04212023 12:05:01 PM: INFO: 
********** Test_003_DDT_register ***********

04212023 12:05:01 PM: INFO: 
********** Test case Done ***********

04212023 12:05:02 PM: ERROR: ***** Fail *****
04212023 12:05:02 PM: INFO: 
********** Test_003_DDT_register ***********

04212023 12:05:02 PM: INFO: 
********** Test case Done ***********

04212023 12:05:03 PM: ERROR: ***** Fail *****
04212023 12:05:03 PM: INFO: 
********** Test_003_DDT_register ***********

04212023 12:05:03 PM: INFO: 
********** Test case Done ***********

04212023 12:05:03 PM: ERROR: ***** Fail *****
04212023 12:05:03 PM: INFO: 
********** Test_003_DDT_register ***********

04212023 12:05:03 PM: INFO: 
********** Test case Done ***********

04212023 12:05:04 PM: ERROR: ***** Fail *****
04212023 12:05:04 PM: INFO: 
********** Test_003_DDT_register ***********

04212023 12:05:04 PM: INFO: 
********** Test case Done ***********

04212023 12:05:04 PM: ERROR: ***** Fail *****
04212023 12:05:04 PM: INFO: 
********** Test_003_DDT_register ***********

04212023 12:05:04 PM: INFO: 
********** Test case Done ***********

04212023 12:05:05 PM: ERROR: ***** Fail *****
04212023 12:05:05 PM: INFO: 
********** Test_003_DDT_register ***********

04212023 12:05:05 PM: INFO: 
********** Test case Done ***********

04212023 12:05:06 PM: ERROR: ***** Fail *****
04212023 12:05:06 PM: INFO: 
********** Test_003_DDT_register ***********

04212023 12:05:06 PM: INFO: 
********** Test case Done ***********

04212023 12:05:06 PM: ERROR: ***** Fail *****
04212023 12:05:06 PM: INFO: 
********** Test_003_DDT_register ***********

04212023 12:05:06 PM: INFO: 
********** Test case Done ***********

04212023 12:06:25 PM: INFO: 
********** Test_003 *********

04212023 12:06:25 PM: INFO: *********  verifying registration process  *******
04212023 12:06:26 PM: ERROR: ***** Fail *****
04212023 12:06:26 PM: INFO: 
********** Test_003_DDT_register ***********

04212023 12:06:26 PM: INFO: 
********** Test case Done ***********

04212023 12:06:27 PM: ERROR: ***** Fail *****
04212023 12:06:27 PM: INFO: 
********** Test_003_DDT_register ***********

04212023 12:06:27 PM: INFO: 
********** Test case Done ***********

04212023 12:06:27 PM: ERROR: ***** Fail *****
04212023 12:06:27 PM: INFO: 
********** Test_003_DDT_register ***********

04212023 12:06:27 PM: INFO: 
********** Test case Done ***********

04212023 12:06:28 PM: ERROR: ***** Fail *****
04212023 12:06:28 PM: INFO: 
********** Test_003_DDT_register ***********

04212023 12:06:28 PM: INFO: 
********** Test case Done ***********

04212023 12:06:28 PM: ERROR: ***** Fail *****
04212023 12:06:28 PM: INFO: 
********** Test_003_DDT_register ***********

04212023 12:06:28 PM: INFO: 
********** Test case Done ***********

04212023 12:06:29 PM: ERROR: ***** Fail *****
04212023 12:06:29 PM: INFO: 
********** Test_003_DDT_register ***********

04212023 12:06:29 PM: INFO: 
********** Test case Done ***********

04212023 12:06:30 PM: ERROR: ***** Fail *****
04212023 12:06:30 PM: INFO: 
********** Test_003_DDT_register ***********

04212023 12:06:30 PM: INFO: 
********** Test case Done ***********

04212023 12:06:30 PM: ERROR: ***** Fail *****
04212023 12:06:30 PM: INFO: 
********** Test_003_DDT_register ***********

04212023 12:06:30 PM: INFO: 
********** Test case Done ***********

04212023 12:06:31 PM: ERROR: ***** Fail *****
04212023 12:06:31 PM: INFO: 
********** Test_003_DDT_register ***********

04212023 12:06:31 PM: INFO: 
********** Test case Done ***********

04212023 12:06:31 PM: ERROR: ***** Fail *****
04212023 12:06:31 PM: INFO: 
********** Test_003_DDT_register ***********

04212023 12:06:31 PM: INFO: 
********** Test case Done ***********

04212023 12:06:32 PM: ERROR: ***** Fail *****
04212023 12:06:32 PM: INFO: 
********** Test_003_DDT_register ***********

04212023 12:06:32 PM: INFO: 
********** Test case Done ***********

04212023 12:16:00 PM: INFO: 
********** Test_003 *********

04212023 12:16:00 PM: INFO: *********  verifying registration process  *******
04212023 12:16:01 PM: ERROR: ***** Fail *****
04212023 12:16:01 PM: INFO: 
********** Test_003_DDT_register ***********

04212023 12:16:01 PM: INFO: 
********** Test case Done ***********

04212023 12:16:02 PM: ERROR: ***** Fail *****
04212023 12:16:02 PM: INFO: 
********** Test_003_DDT_register ***********

04212023 12:16:02 PM: INFO: 
********** Test case Done ***********

04212023 12:16:03 PM: ERROR: ***** Fail *****
04212023 12:16:03 PM: INFO: 
********** Test_003_DDT_register ***********

04212023 12:16:03 PM: INFO: 
********** Test case Done ***********

04212023 12:16:03 PM: ERROR: ***** Fail *****
04212023 12:16:03 PM: INFO: 
********** Test_003_DDT_register ***********

04212023 12:16:03 PM: INFO: 
********** Test case Done ***********

04212023 12:16:04 PM: ERROR: ***** Fail *****
04212023 12:16:04 PM: INFO: 
********** Test_003_DDT_register ***********

04212023 12:16:04 PM: INFO: 
********** Test case Done ***********

04212023 12:16:05 PM: ERROR: ***** Fail *****
04212023 12:16:05 PM: INFO: 
********** Test_003_DDT_register ***********

04212023 12:16:05 PM: INFO: 
********** Test case Done ***********

04212023 12:16:05 PM: ERROR: ***** Fail *****
04212023 12:16:05 PM: INFO: 
********** Test_003_DDT_register ***********

04212023 12:16:05 PM: INFO: 
********** Test case Done ***********

04212023 12:16:06 PM: ERROR: ***** Fail *****
04212023 12:16:06 PM: INFO: 
********** Test_003_DDT_register ***********

04212023 12:16:06 PM: INFO: 
********** Test case Done ***********

04212023 12:16:06 PM: ERROR: ***** Fail *****
04212023 12:16:06 PM: INFO: 
********** Test_003_DDT_register ***********

04212023 12:16:06 PM: INFO: 
********** Test case Done ***********

04212023 12:16:07 PM: ERROR: ***** Fail *****
04212023 12:16:07 PM: INFO: 
********** Test_003_DDT_register ***********

04212023 12:16:07 PM: INFO: 
********** Test case Done ***********

04212023 12:16:08 PM: ERROR: ***** Fail *****
04212023 12:16:08 PM: INFO: 
********** Test_003_DDT_register ***********

04212023 12:16:08 PM: INFO: 
********** Test case Done ***********

